<?xml version="1.0" encoding="UTF-8"?>
<Site BuildName="(empty)"
	BuildStamp="20240405-0638-Experimental"
	Name="pao-Lap"
	Generator="ctest-3.16.3"
	CompilerName="/usr/bin/c++"
	CompilerVersion="9.4.0"
	OSName="Linux"
	Hostname="pao-Lap"
	OSRelease="5.15.0-101-generic"
	OSVersion="#111~20.04.1-Ubuntu SMP Mon Mar 11 15:44:43 UTC 2024"
	OSPlatform="x86_64"
	Is64Bits="1"
	VendorString="GenuineIntel"
	VendorID="Intel Corporation"
	FamilyID="6"
	ModelID="142"
	ProcessorCacheSize="6144"
	NumberOfLogicalCPU="8"
	NumberOfPhysicalCPU="4"
	TotalVirtualMemory="2047"
	TotalPhysicalMemory="7794"
	LogicalProcessorsPerPhysical="2"
	ProcessorClockFrequency="3107.13"
	>
	<Testing>
		<StartDateTime>Apr 05 09:38 EEST</StartDateTime>
		<StartTestTime>1712299112</StartTestTime>
		<TestList/>
		<EndDateTime>Apr 05 09:38 EEST</EndDateTime>
		<EndTestTime>1712299112</EndTestTime>
		<ElapsedMinutes>0</ElapsedMinutes>
	</Testing>
</Site>
